<?xml version="1.0" encoding="UTF-8"?>
<!-- Generated by org.testng.reporters.JUnitXMLReporter -->
<testsuite ignored="0" hostname="Ankits-MacBook-Air.local" failures="0" tests="6" name="Test" time="3.697" errors="0" timestamp="21 Nov 2021 12:52:53 GMT">
  <testcase classname="org.testing.TestScripts.TC1_PostRequest" name="firstTC" time="3.334"/>
  <testcase classname="org.testing.TestScripts.TC2_GetRequest" name="SecondTC" time="0.082"/>
  <testcase classname="org.testing.TestScripts.TC3_GetsALL" name="ThirdTC" time="0.049"/>
  <testcase classname="org.testing.TestScripts.TC4_GetAll_FetchID" name="FourthTC" time="0.072"/>
  <testcase classname="org.testing.TestScripts.TC5_PutRequest" name="FifthTC" time="0.05"/>
  <testcase classname="org.testing.TestScripts.TC6_DeleteRequest" name="SixthTC" time="0.053"/>
</testsuite> <!-- Test -->
